  Objective function: Rcpp (compiled C++)
HETEROGENEOUS IMPORT DEMAND AND EXPORT SUPPLY ELASTICITIES
  Soderbery (2018), JIE 114, pp. 44-62.
  Applied to CEPII BACI data.
  PLEASE CITE ACCORDINGLY.

  Fixed-sigma objective: pure R (wrapper)
Core library loaded (v2: two-stage + tiered estimator).
  Use run_estimation.R for the three-stage pipeline.
Using cached raw data (skipping load/clean/aggregate)...

Estimation sample: 9,479,930 obs, 1240 products, 21 importers, 21 exporters
  Cells: 25,819 | Exporters/cell: median=19, mean=17.4 | Periods/cell: median=29, mean=27.9



========== LAMBDA = 0.010 ==========
FIXED-SIGMA GAMMA ESTIMATION: 62 cores, lambda=0.010

  Forked parallel: 1240 products in 5 batches of ~248

  Batch 1/5: products 1-248 (20%) | 0.4 min
  Batch 2/5: products 249-496 (40%) | 0.8 min
  Batch 3/5: products 497-744 (60%) | 1.2 min
  Batch 4/5: products 745-992 (80%) | 1.7 min
  Batch 5/5: products 993-1240 (100%) | 2.1 min

Fixed-sigma estimation: 2.1 min, 439,707 estimates
  sigma median=3.960, gamma median=1.181, opt_tariff median=1.215
  Tier 0: 24,915 estimates (5.7%)
  Tier 1: 389,104 estimates (88.5%)
  Tier 2: 401 estimates (0.1%)
  Tier 3: 25,287 estimates (5.8%)
  Checkpoint removed: baci_hs92_v202601_elast_regional_hs4_fs_checkpoint.rds

  SWEEP SUMMARY lambda=0.010:
    n: 439707 | gamma median: 1.181
    gamma > 20 share: 1.73%
    gamma > 100 share: 0.18%
    convergence 0 share: 93.81%
    within-pair MAD median: 0.188 (target 0.125)
    R-squared: 0.320 (target 0.72)


========== LAMBDA = 0.020 ==========
FIXED-SIGMA GAMMA ESTIMATION: 62 cores, lambda=0.020

  Forked parallel: 1240 products in 5 batches of ~248

  Batch 1/5: products 1-248 (20%) | 0.4 min
  Batch 2/5: products 249-496 (40%) | 0.9 min
  Batch 3/5: products 497-744 (60%) | 1.3 min
  Batch 4/5: products 745-992 (80%) | 1.8 min
  Batch 5/5: products 993-1240 (100%) | 2.2 min

Fixed-sigma estimation: 2.2 min, 439,834 estimates
  sigma median=3.961, gamma median=1.132, opt_tariff median=1.206
  Tier 0: 24,903 estimates (5.7%)
  Tier 1: 389,243 estimates (88.5%)
  Tier 2: 401 estimates (0.1%)
  Tier 3: 25,287 estimates (5.7%)
  Checkpoint removed: baci_hs92_v202601_elast_regional_hs4_fs_checkpoint.rds

  SWEEP SUMMARY lambda=0.020:
    n: 439834 | gamma median: 1.132
    gamma > 20 share: 0.96%
    gamma > 100 share: 0.11%
    convergence 0 share: 93.99%
    within-pair MAD median: 0.107 (target 0.125)
    R-squared: 0.428 (target 0.72)


========== LAMBDA = 0.050 ==========
FIXED-SIGMA GAMMA ESTIMATION: 62 cores, lambda=0.050

  Forked parallel: 1240 products in 5 batches of ~248

  Batch 1/5: products 1-248 (20%) | 0.4 min
  Batch 2/5: products 249-496 (40%) | 0.7 min
  Batch 3/5: products 497-744 (60%) | 1.1 min
  Batch 4/5: products 745-992 (80%) | 1.5 min
  Batch 5/5: products 993-1240 (100%) | 1.9 min

Fixed-sigma estimation: 1.9 min, 439,913 estimates
  sigma median=3.961, gamma median=1.077, opt_tariff median=1.179
  Tier 0: 24,915 estimates (5.7%)
  Tier 1: 389,310 estimates (88.5%)
  Tier 2: 401 estimates (0.1%)
  Tier 3: 25,287 estimates (5.7%)
  Checkpoint removed: baci_hs92_v202601_elast_regional_hs4_fs_checkpoint.rds

  SWEEP SUMMARY lambda=0.050:
    n: 439913 | gamma median: 1.077
    gamma > 20 share: 0.48%
    gamma > 100 share: 0.06%
    convergence 0 share: 94.11%
    within-pair MAD median: 0.047 (target 0.125)
    R-squared: 0.593 (target 0.72)


========== LAMBDA = 0.100 ==========
FIXED-SIGMA GAMMA ESTIMATION: 62 cores, lambda=0.100

  Forked parallel: 1240 products in 5 batches of ~248

  Batch 1/5: products 1-248 (20%) | 0.4 min
  Batch 2/5: products 249-496 (40%) | 0.7 min
  Batch 3/5: products 497-744 (60%) | 1.1 min
  Batch 4/5: products 745-992 (80%) | 1.5 min
  Batch 5/5: products 993-1240 (100%) | 1.9 min

Fixed-sigma estimation: 1.9 min, 439,960 estimates
  sigma median=3.962, gamma median=1.041, opt_tariff median=1.138
  Tier 0: 24,921 estimates (5.7%)
  Tier 1: 389,351 estimates (88.5%)
  Tier 2: 401 estimates (0.1%)
  Tier 3: 25,287 estimates (5.7%)
  Checkpoint removed: baci_hs92_v202601_elast_regional_hs4_fs_checkpoint.rds

  SWEEP SUMMARY lambda=0.100:
    n: 439960 | gamma median: 1.041
    gamma > 20 share: 0.33%
    gamma > 100 share: 0.05%
    convergence 0 share: 94.13%
    within-pair MAD median: 0.024 (target 0.125)
    R-squared: 0.716 (target 0.72)


========== SWEEP TABLE ==========
   lambda      n gamma_med  plateau_20  plateau_100     conv0        mad
    <num>  <int>     <num>       <num>        <num>     <num>      <num>
1:   0.01 439707  1.180798 0.017288785 0.0017830055 0.9380610 0.18814748
2:   0.02 439834  1.131782 0.009612718 0.0010754057 0.9398841 0.10749188
3:   0.05 439913  1.076636 0.004753213 0.0006410358 0.9410974 0.04701237
4:   0.10 439960  1.040685 0.003259387 0.0004500409 0.9412583 0.02435377
          r2
       <num>
1: 0.3204222
2: 0.4278426
3: 0.5932025
4: 0.7164417
